     1                                          BOOT_LOAD       equ     0x7C00  ;ブートプログラムのロードアドレス
     2                                          ORG     BOOT_LOAD               ;アセンブラに指示  
     3                                                                          ;これがないと0x0000にロードされることになってしまうが
     4                                                                          ;BIOSそこはがすでに使っている領域である
     5                                  
     6                                  ;マクロ
     7                                  
     8                                  %include        "../include/macro.s"
     1                              <1> %macro      cdecl 1-*.nolist
     2                              <1> 
     3                              <1>     %rep    %0 - 1
     4                              <1>         push    %{-1:-1}
     5                              <1>         %rotate -1
     6                              <1>     %endrep
     7                              <1>     %rotate -1
     8                              <1> 
     9                              <1>         call    %1
    10                              <1> 
    11                              <1>     %if 1 < %0
    12                              <1>         add     sp, (__BITS__>>3) * (%0 - 1)
    13                              <1>     %endif
    14                              <1> 
    15                              <1> %endmacro
    16                              <1> 
    17                              <1> struc drive
    18 00000000 <res 00000002>      <1>         .no     resw    1
    19 00000002 <res 00000002>      <1>         .cyln   resw    1
    20 00000004 <res 00000002>      <1>         .head   resw    1
    21 00000006 <res 00000002>      <1>         .sect   resw    1
    22                              <1> endstruc
    23                              <1> 
     9                                  
    10                                  ;エントリーポイント
    11                                  
    12                                  entry:
    13                                  ;BPB(Bios Parameter Block)
    14 00000000 EB58                            jmp     ipl
    15 00000002 90<rept>                        times 90 - ($ - $$) db 0x90
    16                                  ;IPL(Initial Program Loader)
    17                                  
    18                                  ipl:
    19 0000005A FA                              cli                     ;割込み禁止
    20                                  
    21 0000005B B80000                          mov     ax, 0x0000        ;それぞれ0を代入
    22 0000005E 8ED8                            mov     ds, ax            ;セグメントレジスタの値を設定
    23 00000060 8EC0                            mov     es, ax
    24 00000062 8ED0                            mov     ss, ax
    25 00000064 BC007C                          mov     sp, BOOT_LOAD
    26                                  
    27 00000067 FB                              sti                    ;割込み禁止解除
    28                                  
    29 00000068 8816[AE00]                      mov     [BOOT.DRIVE], dl  ;ブートドライブの保存
    30                                  
    31                                  ;文字列を表示
    32 0000006C 68[9500]E83E0083C4-             cdecl   puts, .s0              
    32 00000074 02                 
    33 00000075 6A016A0A6A0868-                 cdecl   itoa, 8086, .s1, 8, 10, 0b0001
    33 0000007C [A200]68961FE84B00-
    33 00000084 83C40A             
    34 00000087 68[A200]E8230083C4-             cdecl   puts, .s1
    34 0000008F 02                 
    35                                  
    36 00000090 E8BC00                          cdecl   reboot
    37                                  
    38                                          
    39                                  ;処理をループすることによって停止させる
    40 00000093 EBFE                            jmp     $
    41                                  
    42                                  ;データ
    43 00000095 426F6F74696E672E2E-     .s0     db      "Booting...", 0x0A, 0x0D, 0
    43 0000009E 2E0A0D00           
    44 000000A2 2D2D2D2D2D2D2D2D0A-     .s1     db      "--------", 0x0A, 0x0D, 0
    44 000000AB 0D00               
    45                                  
    46 000000AD 00                      ALIGN 2, db 0
    47                                  BOOT:
    48 000000AE 0000                     .DRIVE:        dw 0    ;ブートのドライブ番号
    49                                  
    50                                  ; モジュール
    51                                  
    52                                  %include    "../modules/real/puts.s"
     1                              <1> puts:
     2 000000B0 55                  <1>         push    bp
     3 000000B1 89E5                <1>         mov     bp, sp
     4                              <1> 
     5 000000B3 50                  <1>         push    ax
     6 000000B4 53                  <1>         push    bx
     7 000000B5 56                  <1>         push    si
     8                              <1> 
     9 000000B6 8B7604              <1>         mov     si, [bp + 4]
    10                              <1> 
    11 000000B9 B40E                <1>         mov     ah, 0x0e
    12 000000BB BB0000              <1>         mov     bx, 0x0000
    13 000000BE FC                  <1>         cld
    14                              <1> .10L:
    15                              <1> 
    16 000000BF AC                  <1>         lodsb
    17                              <1> 
    18 000000C0 3C00                <1>         cmp     al, 0
    19 000000C2 7404                <1>         je      .10E
    20                              <1> 
    21 000000C4 CD10                <1>         int     0x10
    22 000000C6 EBF7                <1>         jmp     .10L
    23                              <1> .10E:
    24                              <1> 
    25 000000C8 5E                  <1>         pop     si
    26 000000C9 5B                  <1>         pop     bx
    27 000000CA 58                  <1>         pop     ax
    28                              <1> 
    29 000000CB 89EC                <1>         mov     sp, bp
    30 000000CD 5D                  <1>         pop     bp
    31                              <1> 
    32 000000CE C3                  <1>         ret
    53                                  %include    "../modules/real/itoa.s"
     1                              <1> itoa:
     2 000000CF 55                  <1>         push    bp
     3 000000D0 89E5                <1>         mov     bp, sp
     4                              <1> 
     5 000000D2 50                  <1>         push    ax
     6 000000D3 53                  <1>         push    bx
     7 000000D4 51                  <1>         push    cx
     8 000000D5 52                  <1>         push    dx
     9 000000D6 56                  <1>         push    si
    10 000000D7 57                  <1>         push    di
    11                              <1> 
    12                              <1> ;引数を取得
    13                              <1> 
    14 000000D8 8B4604              <1>         mov     ax, [bp + 4]        ; 数値
    15 000000DB 8B7606              <1>         mov     si, [bp + 6]        ; バッファアドレス
    16 000000DE 8B4E08              <1>         mov     cx, [bp + 8]        ;バッファサイズ
    17                              <1> 
    18 000000E1 89F7                <1>         mov     di, si
    19 000000E3 01CF                <1>         add     di, cx
    20 000000E5 4F                  <1>         dec     di      ;バッファの最後尾
    21                              <1> 
    22 000000E6 8B5E0C              <1>         mov     bx, word[bp + 12] ;flags = オプション
    23                              <1> 
    24                              <1> ;符号付き判定
    25                              <1> 
    26 000000E9 F7C30100            <1>         test    bx, 0b001
    27 000000ED 7408                <1> .10Q:   je      .10E
    28 000000EF 83F800              <1>         cmp     ax, 0
    29 000000F2 7D03                <1> .12Q:   jge     .12E
    30 000000F4 83CB02              <1>         or      bx, 0b0010
    31                              <1> .12E:
    32                              <1> .10E:
    33                              <1> 
    34                              <1> ;符号出力判定
    35                              <1> 
    36 000000F7 F7C30200            <1>         test    bx, 0b0010
    37 000000FB 7410                <1> .20Q:   je      .20E
    38 000000FD 83F800              <1>         cmp     ax, 0
    39 00000100 7D07                <1> .22Q:   jge     .22F
    40 00000102 F7D8                <1>         neg     ax
    41 00000104 C6042D              <1>         mov     [si], byte '-'   ;先頭にマイナスを表示
    42 00000107 EB03                <1>         jmp     .22E
    43                              <1> .22F:   
    44                              <1> 
    45 00000109 C6042B              <1>         mov     [si], byte '+'  ;先頭にプラスを表示
    46                              <1> 
    47                              <1> .22E:   
    48 0000010C 49                  <1>         dec     cx
    49                              <1> 
    50                              <1> .20E:
    51                              <1> 
    52                              <1> ; ASCII変換
    53 0000010D 8B5E0A              <1>         mov bx, [bp + 10]        ;基数
    54                              <1> 
    55                              <1> .30L:
    56 00000110 BA0000              <1>         mov     dx, 0                   ;基数で割ることによって基数に合わせた数値にする
    57 00000113 F7F3                <1>         div     bx                     ; dx = dx:ax % bx
    58                              <1> 
    59 00000115 89D6                <1>         mov     si, dx                              
    60 00000117 8A94[3F01]          <1>         mov     dl, byte [.ascii + si]
    61                              <1> 
    62 0000011B 8815                <1>         mov     [di], dl                ;diは一番うしろの数値のアドレス
    63 0000011D 4F                  <1>         dec     di
    64                              <1> 
    65 0000011E 83F800              <1>         cmp     ax, 0
    66 00000121 E0ED                <1>         loopnz  .30L
    67                              <1> .30E:
    68                              <1> 
    69                              <1> ;空欄を埋める
    70                              <1> 
    71 00000123 83F900              <1>         cmp     cx, 0
    72 00000126 740D                <1> .40Q:   je      .40E
    73 00000128 B020                <1>         mov     al, ' '
    74 0000012A 837E0C04            <1>         cmp     [bp + 12], word 0b0100             ;フラグ
    75 0000012E 7502                <1> .42Q:   jne     .42E
    76 00000130 B030                <1>         mov     al, '0'
    77                              <1> .42E:
    78 00000132 FD                  <1>         std
    79 00000133 F3AA                <1>         rep stosb
    80                              <1> .40E:
    81                              <1> 
    82                              <1> ;レジスタ復帰とスタックフレームの廃棄
    83                              <1> 
    84 00000135 5F                  <1>         pop     di
    85 00000136 5E                  <1>         pop     si
    86 00000137 5A                  <1>         pop     dx 
    87 00000138 59                  <1>         pop     cx
    88 00000139 5B                  <1>         pop     bx
    89 0000013A 58                  <1>         pop     ax
    90                              <1> 
    91 0000013B 89EC                <1>         mov     sp, bp
    92 0000013D 5D                  <1>         pop     bp
    93                              <1> 
    94 0000013E C3                  <1>         ret
    95                              <1> 
    96 0000013F 303132333435363738- <1> .ascii:  db      "0123456789ABCDEF"          ;変換テーブル
    96 00000148 39414243444546      <1>
    54                                  %include    "../modules/real/reboot.s"
     1                              <1> reboot:
     2                              <1> 
     3 0000014F 68[6B01]E85BFF83C4- <1>         cdecl   puts, .s0   ;メッセージの表示
     3 00000157 02                  <1>
     4                              <1> 
     5                              <1> ; キー入力待ち
     6                              <1> 
     7                              <1> .10L:
     8 00000158 B410                <1>         mov     ah, 0x10
     9 0000015A CD16                <1>         int     0x16
    10                              <1> 
    11 0000015C 3C20                <1>         cmp     al, ' '
    12 0000015E 75F8                <1>         jne     .10L
    13                              <1> 
    14                              <1> ;改行を出力
    15 00000160 68[8901]E84AFF83C4- <1>         cdecl   puts, .s1
    15 00000168 02                  <1>
    16                              <1> 
    17                              <1> ;再起動
    18 00000169 CD19                <1>         int     0x19    ; BIOS(0x19)
    19                              <1> 
    20                              <1> ;文字列データ
    21 0000016B 0A0D50757368205350- <1> .s0     db      0x0A, 0x0D, "Push SPACE key to reboot...", 0
    21 00000174 414345206B65792074- <1>
    21 0000017D 6F207265626F6F742E- <1>
    21 00000186 2E2E00              <1>
    22 00000189 0A0D0A0D00          <1> .s1     db      0x0A, 0x0D, 0x0A, 0x0D, 0
    55                                  
    56                                  ;ブートフラグ
    57                                  
    58 0000018E 00<rept>                        times 510 - ($ - $$) db 0x00    ;先頭512バイトの最後を0x55AAにすることでブートプログラムである条件を満たす
    59 000001FE 55AA                            db 0x55, 0xAA        
