     1                                          BOOT_LOAD       equ     0x7C00
     2                                          ORG     BOOT_LOAD
     3                                  
     4                                  ;マクロ
     5                                  
     6                                  %include        "../include/macro.s"
     1                              <1> %macro      cdecl 1-*.nolist
     2                              <1> 
     3                              <1>     %rep    %0 - 1
     4                              <1>         push    %{-1:-1}
     5                              <1>         %rotate -1
     6                              <1>     %endrep
     7                              <1>     %rotate -1
     8                              <1> 
     9                              <1>         call    %1
    10                              <1> 
    11                              <1>     %if 1 < %0
    12                              <1>         add     sp, (__BITS__>>3) * (%0 - 1)
    13                              <1>     %endif
    14                              <1> 
    15                              <1> %endmacro
     7                                  
     8                                  ;エントリーポイント
     9                                  
    10                                  entry:
    11 00000000 EB5A                            jmp     ipl
    12 00000002 90<rept>                        times 90 - ($ - $$) db 0x90
    13 0000005A 55AA                            db 0x55, 0xAA
    14                                  
    15                                  ipl:
    16 0000005C FA                              cli
    17                                  
    18 0000005D B80000                          mov     ax, 0x0000
    19 00000060 8ED8                            mov     ds, ax
    20 00000062 8EC0                            mov     es, ax
    21 00000064 8ED0                            mov     ss, ax
    22 00000066 BC007C                          mov     sp, BOOT_LOAD
    23                                  
    24 00000069 FB                              sti
    25                                  
    26 0000006A 8816[8800]                      mov     [BOOT.DRIVE], dl
    27                                  
    28 0000006E 6A58E8170083C402                cdecl   putc, word 'X'
    29 00000076 6A59E80F0083C402                cdecl   putc, word 'Y'
    30 0000007E 6A5AE8070083C402                cdecl   putc, word 'Z'
    31                                  
    32 00000086 EBFE                            jmp     $
    33                                  
    34                                  ALIGN 2, db 0
    35                                  BOOT:
    36 00000088 0000                     .DRIVE:        dw 0
    37                                  
    38                                  ; モジュール
    39                                  
    40                                  %include       "../modules/real/putc.s"
     1                              <1> putc:
     2 0000008A 55                  <1>         push    bp
     3 0000008B 89E5                <1>         mov     bp, sp
     4                              <1> 
     5 0000008D 50                  <1>         push    ax
     6 0000008E 53                  <1>         push    bx
     7                              <1> 
     8 0000008F 8A4604              <1>         mov     al, [bp + 4]
     9 00000092 B40E                <1>         mov     ah, 0x0e
    10 00000094 BB0000              <1>         mov     bx, 0x0000
    11 00000097 CD10                <1>         int     0x10
    12                              <1> 
    13 00000099 5B                  <1>         pop     bx
    14 0000009A 58                  <1>         pop     ax
    15                              <1> 
    16 0000009B 89EC                <1>         mov     sp, bp
    17 0000009D 5D                  <1>         pop     bp
    18                              <1> 
    19 0000009E C3                  <1>         ret
    41                                  
    42                                  ;ブートフラグ
    43                                  
    44 0000009F 00<rept>                        times 510 - ($ - $$) db 0x00
    45 000001FE 55AA                            db 0x55, 0xAA        
