     1                                          BOOT_LOAD       equ     0x7C00
     2                                          ORG     BOOT_LOAD
     3                                  
     4                                  ;マクロ
     5                                  
     6                                  %include        "../include/macro.s"
     1                              <1> %macro      cdecl 1-*.nolist
     2                              <1> 
     3                              <1>     %rep    %0 - 1
     4                              <1>         push    %{-1:-1}
     5                              <1>         %rotate -1
     6                              <1>     %endrep
     7                              <1>     %rotate -1
     8                              <1> 
     9                              <1>         call    %1
    10                              <1> 
    11                              <1>     %if 1 < %0
    12                              <1>         add     sp, (__BITS__>>3) * (%0 - 1)
    13                              <1>     %endif
    14                              <1> 
    15                              <1> %endmacro
     7                                  
     8                                  ;エントリーポイント
     9                                  
    10                                  entry:
    11 00000000 EB5A                            jmp     ipl
    12 00000002 90<rept>                        times 90 - ($ - $$) db 0x90
    13 0000005A 55AA                            db 0x55, 0xAA
    14                                  
    15                                  ipl:
    16 0000005C FA                              cli
    17                                  
    18 0000005D B80000                          mov     ax, 0x0000
    19 00000060 8ED8                            mov     ds, ax
    20 00000062 8EC0                            mov     es, ax
    21 00000064 8ED0                            mov     ss, ax
    22 00000066 BC007C                          mov     sp, BOOT_LOAD
    23                                  
    24 00000069 FB                              sti
    25                                  
    26 0000006A 8816[8600]                      mov     [BOOT.DRIVE], dl
    27                                  
    28 0000006E 68[7900]E8140083C4-             cdecl   puts, .s0
    28 00000076 02                 
    29                                  
    30 00000077 EBFE                            jmp     $
    31                                  
    32                                  ;データ
    33                                  
    34 00000079 426F6F74696E672E2E-     .s0     db      "Booting...", 0x0A, 0x0D, 0
    34 00000082 2E0A0D00           
    35                                  
    36                                  ALIGN 2, db 0
    37                                  BOOT:
    38 00000086 0000                     .DRIVE:        dw 0
    39                                  
    40                                  ; モジュール
    41                                  
    42                                  %include    "../modules/real/puts.s"
     1                              <1> puts:
     2 00000088 55                  <1>         push    bp
     3 00000089 89E5                <1>         mov     bp, sp
     4                              <1> 
     5 0000008B 50                  <1>         push    ax
     6 0000008C 53                  <1>         push    bx
     7 0000008D 56                  <1>         push    si
     8                              <1> 
     9 0000008E 8B7604              <1>         mov     si, [bp + 4]
    10                              <1> 
    11 00000091 B40E                <1>         mov     ah, 0x0e
    12 00000093 BB0000              <1>         mov     bx, 0x0000
    13 00000096 FC                  <1>         cld
    14                              <1> .10L:
    15                              <1> 
    16 00000097 AC                  <1>         lodsb
    17                              <1> 
    18 00000098 3C00                <1>         cmp     al, 0
    19 0000009A 7404                <1>         je      .10E
    20                              <1> 
    21 0000009C CD10                <1>         int     0x10
    22 0000009E EBF7                <1>         jmp     .10L
    23                              <1> .10E:
    24                              <1> 
    25 000000A0 5E                  <1>         pop     si
    26 000000A1 5B                  <1>         pop     bx
    27 000000A2 58                  <1>         pop     ax
    28                              <1> 
    29 000000A3 89EC                <1>         mov     sp, bp
    30 000000A5 5D                  <1>         pop     bp
    31                              <1> 
    32 000000A6 C3                  <1>         ret
    43                                  
    44                                  ;ブートフラグ
    45                                  
    46 000000A7 00<rept>                        times 510 - ($ - $$) db 0x00
    47 000001FE 55AA                            db 0x55, 0xAA        
