     1                                          BOOT_LOAD       equ     0x7C00
     2                                          ORG     BOOT_LOAD
     3                                  
     4                                  entry:
     5 00000000 EB5A                            jmp     ipl
     6 00000002 90<rept>                        times 90 - ($ - $$) db 0x90
     7 0000005A 55AA                            db 0x55, 0xAA
     8                                  
     9                                  ipl:
    10 0000005C FA                              cli
    11                                  
    12 0000005D B80000                          mov     ax, 0x0000
    13 00000060 8ED8                            mov     ds, ax
    14 00000062 8EC0                            mov     es, ax
    15 00000064 8ED0                            mov     ss, ax
    16 00000066 BC007C                          mov     sp, BOOT_LOAD
    17                                  
    18 00000069 FB                              sti
    19                                  
    20 0000006A 8816[7000]                      mov     [BOOT.DRIVE], dl
    21                                  
    22                                  
    23 0000006E EBFE                            jmp     $
    24                                  
    25                                  ALIGN 2, db 0
    26                                  BOOT:
    27 00000070 0000                     .DRIVE:        dw 0
    28                                  
    29 00000072 00<rept>                        times 510 - ($ - $$) db 0x00
    30 000001FE 55AA                            db 0x55, 0xAA        
