     1                                  ;マクロ
     2                                  %include        "../include/define.s"
     1                              <1> BOOT_LOAD       equ     0x7c00                  ;ブートプログラムのロード位置
     2                              <1>                                                 ;これがないと0x0000にロードされることになってしまうが
     3                              <1>                                                 ;BIOSそこはがすでに使っている領域である
     4                              <1> 
     5                              <1> BOOT_SIZE       equ     (1024 * 8)              ;ブートコードサイズ
     6                              <1> SECT_SIZE       equ     (512)                   ;セクタサイズ
     7                              <1> BOOT_SECT       equ     (BOOT_SIZE/SECT_SIZE)   ;ブートプログラムのセクタサイズ
     3                                  %include        "../include/macro.s"
     1                              <1> %macro      cdecl 1-*.nolist
     2                              <1> 
     3                              <1>     %rep    %0 - 1
     4                              <1>         push    %{-1:-1}
     5                              <1>         %rotate -1
     6                              <1>     %endrep
     7                              <1>     %rotate -1
     8                              <1> 
     9                              <1>         call    %1
    10                              <1> 
    11                              <1>     %if 1 < %0
    12                              <1>         add     sp, (__BITS__>>3) * (%0 - 1)
    13                              <1>     %endif
    14                              <1> 
    15                              <1> %endmacro
    16                              <1> 
    17                              <1> struc drive
    18 00000000 <res 00000002>      <1>         .no     resw    1
    19 00000002 <res 00000002>      <1>         .cyln   resw    1
    20 00000004 <res 00000002>      <1>         .head   resw    1
    21 00000006 <res 00000002>      <1>         .sect   resw    1
    22                              <1> endstruc
    23                              <1> 
     4                                  
     5                                          ORG     BOOT_LOAD               ;アセンブラに指示 
     6                                  
     7                                  ;エントリーポイント
     8                                  
     9                                  entry:
    10                                  ;BPB(Bios Parameter Block)
    11 00000000 EB58                            jmp     ipl
    12 00000002 90<rept>                        times 90 - ($ - $$) db 0x90
    13                                  ;IPL(Initial Program Loader)
    14                                  
    15                                  ipl:
    16 0000005A FA                              cli                     ;割込み禁止
    17                                  
    18 0000005B B80000                          mov     ax, 0x0000        ;セグメントレジスタの値を設定
    19 0000005E 8ED8                            mov     ds, ax            
    20 00000060 8EC0                            mov     es, ax
    21 00000062 8ED0                            mov     ss, ax
    22 00000064 BC007C                          mov     sp, BOOT_LOAD
    23                                  
    24 00000067 FB                              sti                    ;割込み禁止解除
    25                                  
    26 00000068 8816[B800]                      mov     [BOOT + drive.no], dl  ;ブートドライブの保存
    27                                  
    28                                  ;文字列を表示
    29 0000006C 68[9900]E84E0083C4-             cdecl   puts, .s0        
    29 00000074 02                 
    30                                  
    31                                  ;次の512バイトを読み込む
    32                                  
    33 00000075 BB0F00                          mov     bx, BOOT_SECT - 1           ;bx = 残りのぶーとセクタ数
    34 00000078 B9007E                          mov     cx, BOOT_LOAD + SECT_SIZE   ;cx = 次のロードアドレス
    35                                  
    36 0000007B 515368[B800]E89B00-             cdecl   read_chs, BOOT, bx, cx      ;ax = read_chs(BOOT, bx, cx)
    36 00000083 83C406             
    37                                  
    38 00000086 39D8                            cmp     ax, bx
    39 00000088 740C                    .10Q:   jz      .10E
    40 0000008A 68[A600]E8300083C4-     .10T:   cdecl   puts, .e0
    40 00000092 02                 
    41 00000093 E84900                          call    reboot
    42                                  
    43                                  .10E:
    44 00000096 E96701                          jmp     stage_2    ;次のステージへ移行
    45                                  
    46                                  ;データ
    47 00000099 426F6F74696E672E2E-     .s0     db      "Booting...", 0x0A, 0x0D, 0
    47 000000A2 2E0A0D00           
    48 000000A6 4572726F723A736563-     .e0     db      "Error:sector read", 0
    48 000000AF 746F72207265616400 
    49                                  
    50                                  ALIGN 2, db 0
    51                                  BOOT:                   ;ブートドライブに関する情報
    52                                      istruc  drive
    53 000000B8 0000                            at  drive.no,       dw  0       ; ドライブ番号
    54 000000BA 0000                            at  drive.cyln,     dw  0       ; C:シリンダ
    55 000000BC 0000                            at  drive.head,     dw  0       ; H:ヘッド
    56 000000BE 0200                            at  drive.sect,     dw  2       ; S:セクタ
    57                                      iend
    58                                  
    59                                  ; モジュール
    60                                  
    61                                  %include    "../modules/real/puts.s"
     1                              <1> puts:
     2 000000C0 55                  <1>         push    bp
     3 000000C1 89E5                <1>         mov     bp, sp
     4                              <1> 
     5 000000C3 50                  <1>         push    ax
     6 000000C4 53                  <1>         push    bx
     7 000000C5 56                  <1>         push    si
     8                              <1> 
     9 000000C6 8B7604              <1>         mov     si, [bp + 4]
    10                              <1> 
    11 000000C9 B40E                <1>         mov     ah, 0x0e
    12 000000CB BB0000              <1>         mov     bx, 0x0000
    13 000000CE FC                  <1>         cld
    14                              <1> .10L:
    15                              <1> 
    16 000000CF AC                  <1>         lodsb
    17                              <1> 
    18 000000D0 3C00                <1>         cmp     al, 0
    19 000000D2 7404                <1>         je      .10E
    20                              <1> 
    21 000000D4 CD10                <1>         int     0x10
    22 000000D6 EBF7                <1>         jmp     .10L
    23                              <1> .10E:
    24                              <1> 
    25 000000D8 5E                  <1>         pop     si
    26 000000D9 5B                  <1>         pop     bx
    27 000000DA 58                  <1>         pop     ax
    28                              <1> 
    29 000000DB 89EC                <1>         mov     sp, bp
    30 000000DD 5D                  <1>         pop     bp
    31                              <1> 
    32 000000DE C3                  <1>         ret
    62                                  %include    "../modules/real/reboot.s"
     1                              <1> reboot:
     2                              <1> 
     3 000000DF 68[FB00]E8DBFF83C4- <1>         cdecl   puts, .s0   ;メッセージの表示
     3 000000E7 02                  <1>
     4                              <1> 
     5                              <1> ; キー入力待ち
     6                              <1> 
     7                              <1> .10L:
     8 000000E8 B410                <1>         mov     ah, 0x10
     9 000000EA CD16                <1>         int     0x16
    10                              <1> 
    11 000000EC 3C20                <1>         cmp     al, ' '
    12 000000EE 75F8                <1>         jne     .10L
    13                              <1> 
    14                              <1> ;改行を出力
    15 000000F0 68[1901]E8CAFF83C4- <1>         cdecl   puts, .s1
    15 000000F8 02                  <1>
    16                              <1> 
    17                              <1> ;再起動
    18 000000F9 CD19                <1>         int     0x19    ; BIOS(0x19)
    19                              <1> 
    20                              <1> ;文字列データ
    21 000000FB 0A0D50757368205350- <1> .s0     db      0x0A, 0x0D, "Push SPACE key to reboot...", 0
    21 00000104 414345206B65792074- <1>
    21 0000010D 6F207265626F6F742E- <1>
    21 00000116 2E2E00              <1>
    22 00000119 0A0D0A0D00          <1> .s1     db      0x0A, 0x0D, 0x0A, 0x0D, 0
    63                                  %include    "../modules/real/read_chs.s"
     1                              <1> read_chs:
     2                              <1>                             
     3 0000011E 55                  <1>         push    bp
     4 0000011F 89E5                <1>         mov     bp, sp
     5 00000121 6A03                <1>         push    3           ; リトライ回数
     6 00000123 6A00                <1>         push    0           ; 読み込みセクタ数
     7                              <1> 
     8 00000125 53                  <1>         push    bx
     9 00000126 51                  <1>         push    cx
    10 00000127 52                  <1>         push    dx
    11 00000128 06                  <1>         push    es
    12 00000129 56                  <1>         push    si
    13                              <1> 
    14 0000012A 8B7604              <1>         mov     si, [bp + 4]    ;si = srcバッファ
    15                              <1> 
    16                              <1> ; cxレジスタの設定
    17                              <1> 
    18 0000012D 8A6C02              <1>         mov     ch, [si + drive.cyln + 0]   ; ch = シリンダ番号（上位バイト）
    19 00000130 8A4C03              <1>         mov     cl, [si + drive.cyln + 1]   ; cl = シリンダ番号（下位バイト）
    20 00000133 C0E106              <1>         shl     cl, 6                       ; cl <<=6 最上位２ビットにシフト
    21 00000136 0A4C06              <1>         or      cl, [si + drive.sect]       ;セクタ番号
    22                              <1> 
    23                              <1> ; セクタ読み込み
    24 00000139 8A7404              <1>         mov     dh, [si + drive.head]       ;dh = ヘッド番号
    25 0000013C 8A14                <1>         mov     dl, [si + 0]                ;dl = ドライブ番号
    26 0000013E B80000              <1>         mov     ax, 0x0000                  
    27 00000141 8EC0                <1>         mov     es, ax
    28 00000143 8B5E08              <1>         mov     bx, [bp + 8]                ; コピー先
    29                              <1> .10L:
    30                              <1> 
    31 00000146 B402                <1>         mov     ah, 0x02                    ; セクタ読み込み
    32 00000148 8A4606              <1>         mov     al, [bp + 6]                ; セクタ数
    33                              <1> 
    34 0000014B CD13                <1>         int     0x13           
    35 0000014D 7304                <1>         jnc     .11E
    36                              <1> 
    37 0000014F B000                <1>         mov     al, 0                       
    38 00000151 EB0C                <1>         jmp     .10E
    39                              <1> 
    40                              <1> .11E:                                           ; うまく行かなかったときのループ
    41                              <1> 
    42 00000153 3C00                <1>         cmp     al, 0   
    43 00000155 7508                <1>         jne     .10E
    44                              <1> 
    45 00000157 B80000              <1>         mov     ax, 0
    46 0000015A FF4EFE              <1>         dec     word [bp - 2]                   ;リトライ回数を１引く
    47 0000015D 75E7                <1>         jnz     .10L
    48                              <1> 
    49                              <1> .10E:    
    50 0000015F B400                <1>         mov     ah, 0                          
    51                              <1> 
    52                              <1> 
    53 00000161 5E                  <1>         pop     si
    54 00000162 07                  <1>         pop     es
    55 00000163 5A                  <1>         pop     dx
    56 00000164 59                  <1>         pop     cx
    57 00000165 5B                  <1>         pop     bx
    58                              <1> 
    59 00000166 89EC                <1>         mov     sp, bp
    60 00000168 5D                  <1>         pop     bp
    61                              <1> 
    62 00000169 C3                  <1>         ret
    64                                  
    65                                  ;ブートフラグ
    66                                  
    67 0000016A 00<rept>                        times 510 - ($ - $$) db 0x00    ;先頭512バイトの最後を0x55AAにすることでブートプログラムである条件を満たす
    68 000001FE 55AA                            db 0x55, 0xAA    
    69                                  
    70                                  ; ブート処理第二のステージ
    71                                  stage_2:
    72                                  
    73 00000200 68[0B02]E8BAFE83C4-             cdecl puts, .s0    ;文字列を表示
    73 00000208 02                 
    74                                  
    75 00000209 EBFE                            jmp     $    ;ループ
    76                                  
    77 0000020B 326E64207374616765-     .s0     db      "2nd stage...", 0x0A, 0x0D, 0
    77 00000214 2E2E2E0A0D00       
    78                                  
    79                                  ;パディング     ブートファイルのサイズを定義したとおりにする
    80 0000021A 00<rept>                        times BOOT_SIZE - ($ - $$)  db 0
